{
  "0 debug pnpm:scope": {
    "selected": 1
  },
  "1 error pnpm": {
    "code": "ELIFECYCLE",
    "errno": "ENOENT",
    "syscall": "spawn",
    "file": "sh",
    "pkgid": "reddit-crawl@0.0.1",
    "stage": "dev",
    "script": "astro dev",
    "pkgname": "reddit-crawl",
    "err": {
      "name": "Error",
      "message": "reddit-crawl@0.0.1 dev: `astro dev`\nspawn ENOENT",
      "code": "ELIFECYCLE",
      "stack": "Error: reddit-crawl@0.0.1 dev: `astro dev`\nspawn ENOENT\n    at ChildProcess.<anonymous> (/home/scaletech/.node/corepack/pnpm/6.11.0/dist/pnpm.cjs:93073:22)\n    at ChildProcess.emit (node:events:526:28)\n    at maybeClose (node:internal/child_process:1092:16)\n    at Process.ChildProcess._handle.onexit (node:internal/child_process:302:5)"
    }
  }
}